<?xml version="1.0" encoding="UTF-8"?>
<!-- Generated by org.testng.reporters.JUnitReportReporter -->
<testsuite skipped="0" hostname="azure_prateek" name="gojek.testcases.HomepageTest" tests="2" failures="0" timestamp="29 Aug 2019 07:49:14 GMT" time="63.578" errors="0">
  <testcase name="successPaymentFlowTest" time="32.931" classname="gojek.testcases.HomepageTest"/>
  <testcase name="failedPaymentFlowTest" time="30.647" classname="gojek.testcases.HomepageTest"/>
</testsuite> <!-- gojek.testcases.HomepageTest -->
